# JRE version: Java(TM) SE Runtime Environment (8.0_162-b12) (build 1.8.0_162-b12)
# Java VM: Java HotSpot(TM) 64-Bit Server VM (25.162-b12 mixed mode windows-amd64 compressed oops)
Heap:
 PSYoungGen      total 102400K, used 4084K [0x00000000e0000000, 0x00000000ebd00000, 0x0000000100000000)
  eden space 98304K, 0% used [0x00000000e0000000,0x00000000e0000000,0x00000000e6000000)
  from space 4096K, 99% used [0x00000000e6400000,0x00000000e67fd020,0x00000000e6800000)
  to   space 4096K, 0% used [0x00000000e6000000,0x00000000e6000000,0x00000000e6400000)
 ParOldGen       total 42496K, used 15073K [0x00000000a0000000, 0x00000000a2980000, 0x00000000e0000000)
  object space 42496K, 35% used [0x00000000a0000000,0x00000000a0eb8620,0x00000000a2980000)
 Metaspace       used 30519K, capacity 31008K, committed 31360K, reserved 1077248K
  class space    used 3822K, capacity 3927K, committed 3968K, reserved 1048576K
GC Heap History (10 events):
Event: 2.696 GC heap after
Heap after GC invocations=4 (full 0):
 PSYoungGen      total 102400K, used 4080K [0x00000000e0000000, 0x00000000e6800000, 0x0000000100000000)
  eden space 98304K, 0% used [0x00000000e0000000,0x00000000e0000000,0x00000000e6000000)
  from space 4096K, 99% used [0x00000000e6400000,0x00000000e67fc238,0x00000000e6800000)
  to   space 4096K, 0% used [0x00000000e6000000,0x00000000e6000000,0x00000000e6400000)
 ParOldGen       total 65536K, used 6514K [0x00000000a0000000, 0x00000000a4000000, 0x00000000e0000000)
  object space 65536K, 9% used [0x00000000a0000000,0x00000000a065cbc0,0x00000000a4000000)
 Metaspace       used 17376K, capacity 17688K, committed 17920K, reserved 1064960K
  class space    used 2130K, capacity 2206K, committed 2304K, reserved 1048576K
}
Event: 3.166 GC heap before
{Heap before GC invocations=5 (full 0):
 PSYoungGen      total 102400K, used 63938K [0x00000000e0000000, 0x00000000e6800000, 0x0000000100000000)
  eden space 98304K, 60% used [0x00000000e0000000,0x00000000e3a748c0,0x00000000e6000000)
  from space 4096K, 99% used [0x00000000e6400000,0x00000000e67fc238,0x00000000e6800000)
  to   space 4096K, 0% used [0x00000000e6000000,0x00000000e6000000,0x00000000e6400000)
 ParOldGen       total 65536K, used 6514K [0x00000000a0000000, 0x00000000a4000000, 0x00000000e0000000)
  object space 65536K, 9% used [0x00000000a0000000,0x00000000a065cbc0,0x00000000a4000000)
 Metaspace       used 20792K, capacity 21064K, committed 21296K, reserved 1069056K
  class space    used 2528K, capacity 2593K, committed 2688K, reserved 1048576K
Event: 3.245 GC heap after
Heap after GC invocations=5 (full 0):
 PSYoungGen      total 102400K, used 4080K [0x00000000e0000000, 0x00000000e6800000, 0x0000000100000000)
  eden space 98304K, 0% used [0x00000000e0000000,0x00000000e0000000,0x00000000e6000000)
  from space 4096K, 99% used [0x00000000e6000000,0x00000000e63fc228,0x00000000e6400000)
  to   space 4096K, 0% used [0x00000000e6400000,0x00000000e6400000,0x00000000e6800000)
 ParOldGen       total 65536K, used 10079K [0x00000000a0000000, 0x00000000a4000000, 0x00000000e0000000)
  object space 65536K, 15% used [0x00000000a0000000,0x00000000a09d7f20,0x00000000a4000000)
 Metaspace       used 20792K, capacity 21064K, committed 21296K, reserved 1069056K
  class space    used 2528K, capacity 2593K, committed 2688K, reserved 1048576K
}
Event: 3.245 GC heap before
{Heap before GC invocations=6 (full 1):
 PSYoungGen      total 102400K, used 4080K [0x00000000e0000000, 0x00000000e6800000, 0x0000000100000000)
  eden space 98304K, 0% used [0x00000000e0000000,0x00000000e0000000,0x00000000e6000000)
  from space 4096K, 99% used [0x00000000e6000000,0x00000000e63fc228,0x00000000e6400000)
  to   space 4096K, 0% used [0x00000000e6400000,0x00000000e6400000,0x00000000e6800000)
 ParOldGen       total 65536K, used 10079K [0x00000000a0000000, 0x00000000a4000000, 0x00000000e0000000)
  object space 65536K, 15% used [0x00000000a0000000,0x00000000a09d7f20,0x00000000a4000000)
 Metaspace       used 20792K, capacity 21064K, committed 21296K, reserved 1069056K
  class space    used 2528K, capacity 2593K, committed 2688K, reserved 1048576K
Event: 3.293 GC heap after
Heap after GC invocations=6 (full 1):
 PSYoungGen      total 102400K, used 0K [0x00000000e0000000, 0x00000000e6800000, 0x0000000100000000)
  eden space 98304K, 0% used [0x00000000e0000000,0x00000000e0000000,0x00000000e6000000)
  from space 4096K, 0% used [0x00000000e6000000,0x00000000e6000000,0x00000000e6400000)
  to   space 4096K, 0% used [0x00000000e6400000,0x00000000e6400000,0x00000000e6800000)
 ParOldGen       total 42496K, used 8495K [0x00000000a0000000, 0x00000000a2980000, 0x00000000e0000000)
  object space 42496K, 19% used [0x00000000a0000000,0x00000000a084be60,0x00000000a2980000)
 Metaspace       used 20792K, capacity 21064K, committed 21296K, reserved 1069056K
  class space    used 2528K, capacity 2593K, committed 2688K, reserved 1048576K
}
Event: 4.411 GC heap before
{Heap before GC invocations=7 (full 1):
 PSYoungGen      total 102400K, used 98304K [0x00000000e0000000, 0x00000000e6800000, 0x0000000100000000)
  eden space 98304K, 100% used [0x00000000e0000000,0x00000000e6000000,0x00000000e6000000)
  from space 4096K, 0% used [0x00000000e6000000,0x00000000e6000000,0x00000000e6400000)
  to   space 4096K, 0% used [0x00000000e6400000,0x00000000e6400000,0x00000000e6800000)
 ParOldGen       total 42496K, used 8495K [0x00000000a0000000, 0x00000000a2980000, 0x00000000e0000000)
  object space 42496K, 19% used [0x00000000a0000000,0x00000000a084be60,0x00000000a2980000)
 Metaspace       used 23364K, capacity 23716K, committed 24064K, reserved 1071104K
  class space    used 2872K, capacity 2973K, committed 3072K, reserved 1048576K
Event: 4.430 GC heap after
Heap after GC invocations=7 (full 1):
 PSYoungGen      total 102400K, used 4081K [0x00000000e0000000, 0x00000000e6800000, 0x0000000100000000)
  eden space 98304K, 0% used [0x00000000e0000000,0x00000000e0000000,0x00000000e6000000)
  from space 4096K, 99% used [0x00000000e6400000,0x00000000e67fc650,0x00000000e6800000)
  to   space 4096K, 0% used [0x00000000e6000000,0x00000000e6000000,0x00000000e6400000)
 ParOldGen       total 42496K, used 8503K [0x00000000a0000000, 0x00000000a2980000, 0x00000000e0000000)
  object space 42496K, 20% used [0x00000000a0000000,0x00000000a084de60,0x00000000a2980000)
 Metaspace       used 23364K, capacity 23716K, committed 24064K, reserved 1071104K
  class space    used 2872K, capacity 2973K, committed 3072K, reserved 1048576K
}
Event: 6.809 GC heap before
{Heap before GC invocations=8 (full 1):
 PSYoungGen      total 102400K, used 102385K [0x00000000e0000000, 0x00000000e6800000, 0x0000000100000000)
  eden space 98304K, 100% used [0x00000000e0000000,0x00000000e6000000,0x00000000e6000000)
  from space 4096K, 99% used [0x00000000e6400000,0x00000000e67fc650,0x00000000e6800000)
  to   space 4096K, 0% used [0x00000000e6000000,0x00000000e6000000,0x00000000e6400000)
 ParOldGen       total 42496K, used 8503K [0x00000000a0000000, 0x00000000a2980000, 0x00000000e0000000)
  object space 42496K, 20% used [0x00000000a0000000,0x00000000a084de60,0x00000000a2980000)
 Metaspace       used 28809K, capacity 29158K, committed 29568K, reserved 1075200K
  class space    used 3592K, capacity 3688K, committed 3712K, reserved 1048576K
Event: 6.817 GC heap after
Heap after GC invocations=8 (full 1):
 PSYoungGen      total 102400K, used 4065K [0x00000000e0000000, 0x00000000e6800000, 0x0000000100000000)
  eden space 98304K, 0% used [0x00000000e0000000,0x00000000e0000000,0x00000000e6000000)
  from space 4096K, 99% used [0x00000000e6000000,0x00000000e63f8610,0x00000000e6400000)
  to   space 4096K, 0% used [0x00000000e6400000,0x00000000e6400000,0x00000000e6800000)
 ParOldGen       total 42496K, used 12151K [0x00000000a0000000, 0x00000000a2980000, 0x00000000e0000000)
  object space 42496K, 28% used [0x00000000a0000000,0x00000000a0bddce0,0x00000000a2980000)
 Metaspace       used 28809K, capacity 29158K, committed 29568K, reserved 1075200K
  class space    used 3592K, capacity 3688K, committed 3712K, reserved 1048576K
}
Event: 7.377 GC heap before
{Heap before GC invocations=9 (full 1):
 PSYoungGen      total 102400K, used 102369K [0x00000000e0000000, 0x00000000e6800000, 0x0000000100000000)
  eden space 98304K, 100% used [0x00000000e0000000,0x00000000e6000000,0x00000000e6000000)
  from space 4096K, 99% used [0x00000000e6000000,0x00000000e63f8610,0x00000000e6400000)
  to   space 4096K, 0% used [0x00000000e6400000,0x00000000e6400000,0x00000000e6800000)
 ParOldGen       total 42496K, used 12151K [0x00000000a0000000, 0x00000000a2980000, 0x00000000e0000000)
  object space 42496K, 28% used [0x00000000a0000000,0x00000000a0bddce0,0x00000000a2980000)
 Metaspace       used 30519K, capacity 31008K, committed 31360K, reserved 1077248K
  class space    used 3822K, capacity 3927K, committed 3968K, reserved 1048576K

