# JRE version: Java(TM) SE Runtime Environment (8.0_162-b12) (build 1.8.0_162-b12)
# Java VM: Java HotSpot(TM) 64-Bit Server VM (25.162-b12 mixed mode windows-amd64 compressed oops)
Heap:
 PSYoungGen      total 53248K, used 32347K [0x00000000e0000000, 0x00000000e3800000, 0x0000000100000000)
  eden space 49152K, 57% used [0x00000000e0000000,0x00000000e1bd07e8,0x00000000e3000000)
  from space 4096K, 94% used [0x00000000e3400000,0x00000000e37c6650,0x00000000e3800000)
  to   space 4096K, 0% used [0x00000000e3000000,0x00000000e3000000,0x00000000e3400000)
 ParOldGen       total 37888K, used 5139K [0x00000000a0000000, 0x00000000a2500000, 0x00000000e0000000)
  object space 37888K, 13% used [0x00000000a0000000,0x00000000a0504c90,0x00000000a2500000)
 Metaspace       used 21372K, capacity 21674K, committed 22016K, reserved 1069056K
  class space    used 2603K, capacity 2710K, committed 2816K, reserved 1048576K
GC Heap History (10 events):
Event: 1.381 GC heap before
{Heap before GC invocations=3 (full 0):
 PSYoungGen      total 28672K, used 28662K [0x00000000e0000000, 0x00000000e3800000, 0x0000000100000000)
  eden space 24576K, 100% used [0x00000000e0000000,0x00000000e1800000,0x00000000e1800000)
  from space 4096K, 99% used [0x00000000e1c00000,0x00000000e1ffd820,0x00000000e2000000)
  to   space 4096K, 0% used [0x00000000e1800000,0x00000000e1800000,0x00000000e1c00000)
 ParOldGen       total 65536K, used 129K [0x00000000a0000000, 0x00000000a4000000, 0x00000000e0000000)
  object space 65536K, 0% used [0x00000000a0000000,0x00000000a0020510,0x00000000a4000000)
 Metaspace       used 11126K, capacity 11298K, committed 11520K, reserved 1058816K
  class space    used 1398K, capacity 1437K, committed 1536K, reserved 1048576K
Event: 1.402 GC heap after
Heap after GC invocations=3 (full 0):
 PSYoungGen      total 28672K, used 4066K [0x00000000e0000000, 0x00000000e3800000, 0x0000000100000000)
  eden space 24576K, 0% used [0x00000000e0000000,0x00000000e0000000,0x00000000e1800000)
  from space 4096K, 99% used [0x00000000e1800000,0x00000000e1bf8838,0x00000000e1c00000)
  to   space 4096K, 0% used [0x00000000e3400000,0x00000000e3400000,0x00000000e3800000)
 ParOldGen       total 65536K, used 250K [0x00000000a0000000, 0x00000000a4000000, 0x00000000e0000000)
  object space 65536K, 0% used [0x00000000a0000000,0x00000000a003e958,0x00000000a4000000)
 Metaspace       used 11126K, capacity 11298K, committed 11520K, reserved 1058816K
  class space    used 1398K, capacity 1437K, committed 1536K, reserved 1048576K
}
Event: 1.637 GC heap before
{Heap before GC invocations=4 (full 0):
 PSYoungGen      total 28672K, used 28642K [0x00000000e0000000, 0x00000000e3800000, 0x0000000100000000)
  eden space 24576K, 100% used [0x00000000e0000000,0x00000000e1800000,0x00000000e1800000)
  from space 4096K, 99% used [0x00000000e1800000,0x00000000e1bf8838,0x00000000e1c00000)
  to   space 4096K, 0% used [0x00000000e3400000,0x00000000e3400000,0x00000000e3800000)
 ParOldGen       total 65536K, used 250K [0x00000000a0000000, 0x00000000a4000000, 0x00000000e0000000)
  object space 65536K, 0% used [0x00000000a0000000,0x00000000a003e958,0x00000000a4000000)
 Metaspace       used 13954K, capacity 14178K, committed 14336K, reserved 1062912K
  class space    used 1718K, capacity 1757K, committed 1792K, reserved 1048576K
Event: 1.665 GC heap after
Heap after GC invocations=4 (full 0):
 PSYoungGen      total 53248K, used 4095K [0x00000000e0000000, 0x00000000e3800000, 0x0000000100000000)
  eden space 49152K, 0% used [0x00000000e0000000,0x00000000e0000000,0x00000000e3000000)
  from space 4096K, 99% used [0x00000000e3400000,0x00000000e37ffe08,0x00000000e3800000)
  to   space 4096K, 0% used [0x00000000e3000000,0x00000000e3000000,0x00000000e3400000)
 ParOldGen       total 65536K, used 2058K [0x00000000a0000000, 0x00000000a4000000, 0x00000000e0000000)
  object space 65536K, 3% used [0x00000000a0000000,0x00000000a0202b58,0x00000000a4000000)
 Metaspace       used 13954K, capacity 14178K, committed 14336K, reserved 1062912K
  class space    used 1718K, capacity 1757K, committed 1792K, reserved 1048576K
}
Event: 1.858 GC heap before
{Heap before GC invocations=5 (full 0):
 PSYoungGen      total 53248K, used 24497K [0x00000000e0000000, 0x00000000e3800000, 0x0000000100000000)
  eden space 49152K, 41% used [0x00000000e0000000,0x00000000e13ec610,0x00000000e3000000)
  from space 4096K, 99% used [0x00000000e3400000,0x00000000e37ffe08,0x00000000e3800000)
  to   space 4096K, 0% used [0x00000000e3000000,0x00000000e3000000,0x00000000e3400000)
 ParOldGen       total 65536K, used 2058K [0x00000000a0000000, 0x00000000a4000000, 0x00000000e0000000)
  object space 65536K, 3% used [0x00000000a0000000,0x00000000a0202b58,0x00000000a4000000)
 Metaspace       used 16470K, capacity 16642K, committed 16896K, reserved 1064960K
  class space    used 2023K, capacity 2045K, committed 2048K, reserved 1048576K
Event: 1.872 GC heap after
Heap after GC invocations=5 (full 0):
 PSYoungGen      total 53248K, used 4080K [0x00000000e0000000, 0x00000000e3800000, 0x0000000100000000)
  eden space 49152K, 0% used [0x00000000e0000000,0x00000000e0000000,0x00000000e3000000)
  from space 4096K, 99% used [0x00000000e3000000,0x00000000e33fc248,0x00000000e3400000)
  to   space 4096K, 0% used [0x00000000e3400000,0x00000000e3400000,0x00000000e3800000)
 ParOldGen       total 65536K, used 3243K [0x00000000a0000000, 0x00000000a4000000, 0x00000000e0000000)
  object space 65536K, 4% used [0x00000000a0000000,0x00000000a032adf8,0x00000000a4000000)
 Metaspace       used 16470K, capacity 16642K, committed 16896K, reserved 1064960K
  class space    used 2023K, capacity 2045K, committed 2048K, reserved 1048576K
}
Event: 1.872 GC heap before
{Heap before GC invocations=6 (full 1):
 PSYoungGen      total 53248K, used 4080K [0x00000000e0000000, 0x00000000e3800000, 0x0000000100000000)
  eden space 49152K, 0% used [0x00000000e0000000,0x00000000e0000000,0x00000000e3000000)
  from space 4096K, 99% used [0x00000000e3000000,0x00000000e33fc248,0x00000000e3400000)
  to   space 4096K, 0% used [0x00000000e3400000,0x00000000e3400000,0x00000000e3800000)
 ParOldGen       total 65536K, used 3243K [0x00000000a0000000, 0x00000000a4000000, 0x00000000e0000000)
  object space 65536K, 4% used [0x00000000a0000000,0x00000000a032adf8,0x00000000a4000000)
 Metaspace       used 16470K, capacity 16642K, committed 16896K, reserved 1064960K
  class space    used 2023K, capacity 2045K, committed 2048K, reserved 1048576K
Event: 1.903 GC heap after
Heap after GC invocations=6 (full 1):
 PSYoungGen      total 53248K, used 0K [0x00000000e0000000, 0x00000000e3800000, 0x0000000100000000)
  eden space 49152K, 0% used [0x00000000e0000000,0x00000000e0000000,0x00000000e3000000)
  from space 4096K, 0% used [0x00000000e3000000,0x00000000e3000000,0x00000000e3400000)
  to   space 4096K, 0% used [0x00000000e3400000,0x00000000e3400000,0x00000000e3800000)
 ParOldGen       total 37888K, used 5131K [0x00000000a0000000, 0x00000000a2500000, 0x00000000e0000000)
  object space 37888K, 13% used [0x00000000a0000000,0x00000000a0502c90,0x00000000a2500000)
 Metaspace       used 16470K, capacity 16642K, committed 16896K, reserved 1064960K
  class space    used 2023K, capacity 2045K, committed 2048K, reserved 1048576K
}
Event: 2.632 GC heap before
{Heap before GC invocations=7 (full 1):
 PSYoungGen      total 53248K, used 49152K [0x00000000e0000000, 0x00000000e3800000, 0x0000000100000000)
  eden space 49152K, 100% used [0x00000000e0000000,0x00000000e3000000,0x00000000e3000000)
  from space 4096K, 0% used [0x00000000e3000000,0x00000000e3000000,0x00000000e3400000)
  to   space 4096K, 0% used [0x00000000e3400000,0x00000000e3400000,0x00000000e3800000)
 ParOldGen       total 37888K, used 5131K [0x00000000a0000000, 0x00000000a2500000, 0x00000000e0000000)
  object space 37888K, 13% used [0x00000000a0000000,0x00000000a0502c90,0x00000000a2500000)
 Metaspace       used 20526K, capacity 20842K, committed 21120K, reserved 1067008K
  class space    used 2516K, capacity 2582K, committed 2688K, reserved 1048576K
Event: 2.654 GC heap after
Heap after GC invocations=7 (full 1):
 PSYoungGen      total 53248K, used 3865K [0x00000000e0000000, 0x00000000e3800000, 0x0000000100000000)
  eden space 49152K, 0% used [0x00000000e0000000,0x00000000e0000000,0x00000000e3000000)
  from space 4096K, 94% used [0x00000000e3400000,0x00000000e37c6650,0x00000000e3800000)
  to   space 4096K, 0% used [0x00000000e3000000,0x00000000e3000000,0x00000000e3400000)
 ParOldGen       total 37888K, used 5139K [0x00000000a0000000, 0x00000000a2500000, 0x00000000e0000000)
  object space 37888K, 13% used [0x00000000a0000000,0x00000000a0504c90,0x00000000a2500000)
 Metaspace       used 20526K, capacity 20842K, committed 21120K, reserved 1067008K
  class space    used 2516K, capacity 2582K, committed 2688K, reserved 1048576K
}

