# JRE version: Java(TM) SE Runtime Environment (8.0_162-b12) (build 1.8.0_162-b12)
# Java VM: Java HotSpot(TM) 64-Bit Server VM (25.162-b12 mixed mode windows-amd64 compressed oops)
Heap:
 PSYoungGen      total 205312K, used 148857K [0x00000000e0000000, 0x00000000f4180000, 0x0000000100000000)
  eden space 196608K, 75% used [0x00000000e0000000,0x00000000e915e680,0x00000000ec000000)
  from space 8704K, 0% used [0x00000000ec000000,0x00000000ec000000,0x00000000ec880000)
  to   space 14848K, 0% used [0x00000000f3300000,0x00000000f3300000,0x00000000f4180000)
 ParOldGen       total 39424K, used 20129K [0x00000000a0000000, 0x00000000a2680000, 0x00000000e0000000)
  object space 39424K, 51% used [0x00000000a0000000,0x00000000a13a87f8,0x00000000a2680000)
 Metaspace       used 37437K, capacity 37964K, committed 38352K, reserved 1083392K
  class space    used 4746K, capacity 4843K, committed 4864K, reserved 1048576K
GC Heap History (10 events):
Event: 2.685 GC heap before
{Heap before GC invocations=7 (full 1):
 PSYoungGen      total 205312K, used 4504K [0x00000000e0000000, 0x00000000ed100000, 0x0000000100000000)
  eden space 196608K, 0% used [0x00000000e0000000,0x00000000e0000000,0x00000000ec000000)
  from space 8704K, 51% used [0x00000000ec880000,0x00000000ecce6080,0x00000000ed100000)
  to   space 8704K, 0% used [0x00000000ec000000,0x00000000ec000000,0x00000000ec880000)
 ParOldGen       total 65536K, used 9152K [0x00000000a0000000, 0x00000000a4000000, 0x00000000e0000000)
  object space 65536K, 13% used [0x00000000a0000000,0x00000000a08f0088,0x00000000a4000000)
 Metaspace       used 21166K, capacity 21518K, committed 21628K, reserved 1069056K
  class space    used 2575K, capacity 2678K, committed 2688K, reserved 1048576K
Event: 2.720 GC heap after
Heap after GC invocations=7 (full 1):
 PSYoungGen      total 205312K, used 0K [0x00000000e0000000, 0x00000000ed100000, 0x0000000100000000)
  eden space 196608K, 0% used [0x00000000e0000000,0x00000000e0000000,0x00000000ec000000)
  from space 8704K, 0% used [0x00000000ec880000,0x00000000ec880000,0x00000000ed100000)
  to   space 8704K, 0% used [0x00000000ec000000,0x00000000ec000000,0x00000000ec880000)
 ParOldGen       total 39424K, used 7735K [0x00000000a0000000, 0x00000000a2680000, 0x00000000e0000000)
  object space 39424K, 19% used [0x00000000a0000000,0x00000000a078de08,0x00000000a2680000)
 Metaspace       used 21166K, capacity 21518K, committed 21628K, reserved 1069056K
  class space    used 2575K, capacity 2678K, committed 2688K, reserved 1048576K
}
Event: 3.938 GC heap before
{Heap before GC invocations=8 (full 1):
 PSYoungGen      total 205312K, used 196608K [0x00000000e0000000, 0x00000000ed100000, 0x0000000100000000)
  eden space 196608K, 100% used [0x00000000e0000000,0x00000000ec000000,0x00000000ec000000)
  from space 8704K, 0% used [0x00000000ec880000,0x00000000ec880000,0x00000000ed100000)
  to   space 8704K, 0% used [0x00000000ec000000,0x00000000ec000000,0x00000000ec880000)
 ParOldGen       total 39424K, used 7735K [0x00000000a0000000, 0x00000000a2680000, 0x00000000e0000000)
  object space 39424K, 19% used [0x00000000a0000000,0x00000000a078de08,0x00000000a2680000)
 Metaspace       used 26784K, capacity 27194K, committed 27516K, reserved 1073152K
  class space    used 3310K, capacity 3400K, committed 3456K, reserved 1048576K
Event: 3.977 GC heap after
Heap after GC invocations=8 (full 1):
 PSYoungGen      total 205312K, used 8688K [0x00000000e0000000, 0x00000000ed100000, 0x0000000100000000)
  eden space 196608K, 0% used [0x00000000e0000000,0x00000000e0000000,0x00000000ec000000)
  from space 8704K, 99% used [0x00000000ec000000,0x00000000ec87c238,0x00000000ec880000)
  to   space 8704K, 0% used [0x00000000ec880000,0x00000000ec880000,0x00000000ed100000)
 ParOldGen       total 39424K, used 8348K [0x00000000a0000000, 0x00000000a2680000, 0x00000000e0000000)
  object space 39424K, 21% used [0x00000000a0000000,0x00000000a08272e0,0x00000000a2680000)
 Metaspace       used 26784K, capacity 27194K, committed 27516K, reserved 1073152K
  class space    used 3310K, capacity 3400K, committed 3456K, reserved 1048576K
}
Event: 5.375 GC heap before
{Heap before GC invocations=9 (full 1):
 PSYoungGen      total 205312K, used 205296K [0x00000000e0000000, 0x00000000ed100000, 0x0000000100000000)
  eden space 196608K, 100% used [0x00000000e0000000,0x00000000ec000000,0x00000000ec000000)
  from space 8704K, 99% used [0x00000000ec000000,0x00000000ec87c238,0x00000000ec880000)
  to   space 8704K, 0% used [0x00000000ec880000,0x00000000ec880000,0x00000000ed100000)
 ParOldGen       total 39424K, used 8348K [0x00000000a0000000, 0x00000000a2680000, 0x00000000e0000000)
  object space 39424K, 21% used [0x00000000a0000000,0x00000000a08272e0,0x00000000a2680000)
 Metaspace       used 33181K, capacity 33650K, committed 34044K, reserved 1079296K
  class space    used 4161K, capacity 4252K, committed 4352K, reserved 1048576K
Event: 5.419 GC heap after
Heap after GC invocations=9 (full 1):
 PSYoungGen      total 205312K, used 8698K [0x00000000e0000000, 0x00000000ed100000, 0x0000000100000000)
  eden space 196608K, 0% used [0x00000000e0000000,0x00000000e0000000,0x00000000ec000000)
  from space 8704K, 99% used [0x00000000ec880000,0x00000000ed0fe9d8,0x00000000ed100000)
  to   space 8704K, 0% used [0x00000000ec000000,0x00000000ec000000,0x00000000ec880000)
 ParOldGen       total 39424K, used 12342K [0x00000000a0000000, 0x00000000a2680000, 0x00000000e0000000)
  object space 39424K, 31% used [0x00000000a0000000,0x00000000a0c0d900,0x00000000a2680000)
 Metaspace       used 33181K, capacity 33650K, committed 34044K, reserved 1079296K
  class space    used 4161K, capacity 4252K, committed 4352K, reserved 1048576K
}
Event: 6.341 GC heap before
{Heap before GC invocations=10 (full 1):
 PSYoungGen      total 205312K, used 157250K [0x00000000e0000000, 0x00000000ed100000, 0x0000000100000000)
  eden space 196608K, 75% used [0x00000000e0000000,0x00000000e91120f8,0x00000000ec000000)
  from space 8704K, 99% used [0x00000000ec880000,0x00000000ed0fe9d8,0x00000000ed100000)
  to   space 8704K, 0% used [0x00000000ec000000,0x00000000ec000000,0x00000000ec880000)
 ParOldGen       total 39424K, used 12342K [0x00000000a0000000, 0x00000000a2680000, 0x00000000e0000000)
  object space 39424K, 31% used [0x00000000a0000000,0x00000000a0c0d900,0x00000000a2680000)
 Metaspace       used 35375K, capacity 35834K, committed 36048K, reserved 1081344K
  class space    used 4467K, capacity 4584K, committed 4608K, reserved 1048576K
Event: 6.408 GC heap after
Heap after GC invocations=10 (full 1):
 PSYoungGen      total 205312K, used 8676K [0x00000000e0000000, 0x00000000f4180000, 0x0000000100000000)
  eden space 196608K, 0% used [0x00000000e0000000,0x00000000e0000000,0x00000000ec000000)
  from space 8704K, 99% used [0x00000000ec000000,0x00000000ec879040,0x00000000ec880000)
  to   space 14848K, 0% used [0x00000000f3300000,0x00000000f3300000,0x00000000f4180000)
 ParOldGen       total 39424K, used 17674K [0x00000000a0000000, 0x00000000a2680000, 0x00000000e0000000)
  object space 39424K, 44% used [0x00000000a0000000,0x00000000a1142b28,0x00000000a2680000)
 Metaspace       used 35375K, capacity 35834K, committed 36048K, reserved 1081344K
  class space    used 4467K, capacity 4584K, committed 4608K, reserved 1048576K
}
Event: 6.408 GC heap before
{Heap before GC invocations=11 (full 2):
 PSYoungGen      total 205312K, used 8676K [0x00000000e0000000, 0x00000000f4180000, 0x0000000100000000)
  eden space 196608K, 0% used [0x00000000e0000000,0x00000000e0000000,0x00000000ec000000)
  from space 8704K, 99% used [0x00000000ec000000,0x00000000ec879040,0x00000000ec880000)
  to   space 14848K, 0% used [0x00000000f3300000,0x00000000f3300000,0x00000000f4180000)
 ParOldGen       total 39424K, used 17674K [0x00000000a0000000, 0x00000000a2680000, 0x00000000e0000000)
  object space 39424K, 44% used [0x00000000a0000000,0x00000000a1142b28,0x00000000a2680000)
 Metaspace       used 35375K, capacity 35834K, committed 36048K, reserved 1081344K
  class space    used 4467K, capacity 4584K, committed 4608K, reserved 1048576K
Event: 6.616 GC heap after
Heap after GC invocations=11 (full 2):
 PSYoungGen      total 205312K, used 0K [0x00000000e0000000, 0x00000000f4180000, 0x0000000100000000)
  eden space 196608K, 0% used [0x00000000e0000000,0x00000000e0000000,0x00000000ec000000)
  from space 8704K, 0% used [0x00000000ec000000,0x00000000ec000000,0x00000000ec880000)
  to   space 14848K, 0% used [0x00000000f3300000,0x00000000f3300000,0x00000000f4180000)
 ParOldGen       total 39424K, used 20129K [0x00000000a0000000, 0x00000000a2680000, 0x00000000e0000000)
  object space 39424K, 51% used [0x00000000a0000000,0x00000000a13a87f8,0x00000000a2680000)
 Metaspace       used 35375K, capacity 35834K, committed 36048K, reserved 1081344K
  class space    used 4467K, capacity 4584K, committed 4608K, reserved 1048576K
}

